// Gennadii_B 1.1.0.RELEASE log opened at 2018-02-18 18:08:25
show
// Gennadii_B 1.1.0.RELEASE log opened at 2018-02-18 18:12:05
showN --name ogurez
// Gennadii_B 1.1.0.RELEASE log opened at 2018-02-18 18:49:50
show
// Gennadii_B 1.1.0.RELEASE log opened at 2018-02-18 18:51:36
show
// Gennadii_B 1.1.0.RELEASE log opened at 2018-02-18 20:08:35
// [failed] login --name Den
// Gennadii_B 1.1.0.RELEASE log opened at 2018-02-18 20:11:12
login --name Den
// Gennadii_B 1.1.0.RELEASE log opened at 2018-02-18 20:11:42
login --name fff
// Gennadii_B 1.1.0.RELEASE log opened at 2018-02-18 20:21:09
login --name Den
show-halls
// Gennadii_B 1.1.0.RELEASE log opened at 2018-02-18 21:40:24
help
version
test
login --name Den
show-halls
order --hall-name vata
show-halls
// Gennadii_B 1.1.0.RELEASE log opened at 2018-02-18 21:43:05
login --name Den
show-halls
order --hall-name ogurez
// Gennadii_B 1.1.0.RELEASE log opened at 2018-02-18 21:44:22
login --name Den
show-halls
order --hall-name ogurez
// Gennadii_B 1.1.0.RELEASE log opened at 2018-02-18 21:47:11
login --name Den
show-halls
order --hall-name ogurez
// Gennadii_B 1.1.0.RELEASE log opened at 2018-02-18 21:50:12
login --name Den
show-halls
order --hall-name vata
// Gennadii_B 1.1.0.RELEASE log opened at 2018-02-18 21:51:58
login --name Den
order --hall-name vata
show-halls
order --hall-name ogurez
show-hall --name ogurez
show-halls
// Gennadii_B 1.1.0.RELEASE log opened at 2018-02-19 18:03:08
// Gennadii_B 1.1.0.RELEASE log opened at 2018-02-19 18:04:14
login --name Den
show-halls
